<?xml version="1.0" encoding="utf-8"?>
<shfbBuild product="Sandcastle Help File Builder" version="1.9.7.0" projectFile="E:\Programming\!Csharp\Metro UI Toolkit\Metro-UI-Toolkit\MutDocs\MutDocs.shfbproj" started="5/19/2013 10:16:29 PM">
<buildStep step="Initializing">
Finding tools...
Found Sandcastle tools in &#39;E:\Programming Enviroments\Sandcastle\&#39;
</buildStep>
<buildStep step="ValidatingDocumentationSources">
Validating and copying documentation source information
Source: E:\Programming\!Csharp\Metro UI Toolkit\Metro-UI-Toolkit\MetroUiToolkit\bin\Debug\MetroUiToolkit.dll
    Found assembly &#39;E:\Programming\!Csharp\Metro UI Toolkit\Metro-UI-Toolkit\MetroUiToolkit\bin\Debug\MetroUiToolkit.dll&#39;
Source: E:\Programming\!Csharp\Metro UI Toolkit\Metro-UI-Toolkit\MetroUiToolkit\bin\Debug\MetroUiToolkit.xml

Copying XML comments files
    E:\Programming\!Csharp\Metro UI Toolkit\Metro-UI-Toolkit\MetroUiToolkit\bin\Debug\MetroUiToolkit.XML -&gt; E:\Programming\!Csharp\Metro UI Toolkit\Metro-UI-Toolkit\MutDocs\Help\Working\MetroUiToolkit.XML
</buildStep>
<buildStep step="GenerateSharedContent">
Generating shared content files (en-US, English (United States))...
    Last step completed in 00:00:00.0176
</buildStep>
<buildStep step="GenerateApiFilter">
Generating API filter for MRefBuilder...
    Last step completed in 00:00:00.0068
</buildStep>
<buildStep step="GenerateReflectionInfo">
Generating reflection information...
[C:\Windows\Microsoft.NET\Framework\v4.0.30319\MSBuild.exe]
  MRefBuilder (v2.7.3.0)
  Copyright c 2006-2013, Microsoft Corporation, All Rights Reserved.
  Portions Copyright c 2006-2013, Eric Woodruff, All Rights Reserved.
  Info: Loaded 1 assemblies for reflection and 1 dependency assemblies.
  Info: Wrote information on 3 namespaces, 18 types, and 185 members
  XslTransform (v2.7.3.0)
  Copyright c 2006-2013, Microsoft Corporation, All Rights Reserved.
  Portions Copyright c 2006-2013, Eric Woodruff, All Rights Reserved.
  Info: Applying XSL transformation &#39;E:\Programming Enviroments\Sandcastle\ProductionTransforms\MergeDuplicates.xsl&#39;.
    Last step completed in 00:00:01.4863
</buildStep>
<buildStep step="GenerateNamespaceSummaries">
Generating namespace summary information...
    Last step completed in 00:00:00.0029
</buildStep>
<buildStep step="ApplyVisibilityProperties">
Applying visibility properties to reflection information file
    7 attribute nodes removed
    5 explicit interface implementations removed
    46 local and base class EII elements removed
    Last step completed in 00:00:00.1016
</buildStep>
<buildStep step="TransformReflectionInfo">
Transforming reflection output...
[C:\Windows\Microsoft.NET\Framework\v4.0.30319\MSBuild.exe]
  XslTransform (v2.7.3.0)
  Copyright c 2006-2013, Microsoft Corporation, All Rights Reserved.
  Portions Copyright c 2006-2013, Eric Woodruff, All Rights Reserved.
  Info: Applying XSL transformation &#39;E:\Programming Enviroments\Sandcastle\\ProductionTransforms\ApplyVSDocModel.xsl&#39;.
  Info: Applying XSL transformation &#39;E:\Programming Enviroments\Sandcastle\ProductionTransforms\AddGuidFilenames.xsl&#39;.
  XslTransform (v2.7.3.0)
  Copyright c 2006-2013, Microsoft Corporation, All Rights Reserved.
  Portions Copyright c 2006-2013, Eric Woodruff, All Rights Reserved.
  Info: Applying XSL transformation &#39;E:\Programming Enviroments\Sandcastle\ProductionTransforms\ReflectionToManifest.xsl&#39;.
    Last step completed in 00:00:04.7930
</buildStep>
<buildStep step="ModifyHelpTopicFilenames">
Modifying help topic filenames in reflection information file
    No changes required
    Last step completed in 00:00:00.1611
</buildStep>
<buildStep step="CopyStandardContent">
Copying standard help content...
E:\Programming Enviroments\Sandcastle\\Presentation\VS2005\icons\adm.gif -&gt; E:\Programming\!Csharp\Metro UI Toolkit\Metro-UI-Toolkit\MutDocs\Help\Working\Output\Website\icons\adm.gif
E:\Programming Enviroments\Sandcastle\\Presentation\VS2005\icons\adm_arch.gif -&gt; E:\Programming\!Csharp\Metro UI Toolkit\Metro-UI-Toolkit\MutDocs\Help\Working\Output\Website\icons\adm_arch.gif
E:\Programming Enviroments\Sandcastle\\Presentation\VS2005\icons\adm_dev.gif -&gt; E:\Programming\!Csharp\Metro UI Toolkit\Metro-UI-Toolkit\MutDocs\Help\Working\Output\Website\icons\adm_dev.gif
E:\Programming Enviroments\Sandcastle\\Presentation\VS2005\icons\adm_dev_arch.gif -&gt; E:\Programming\!Csharp\Metro UI Toolkit\Metro-UI-Toolkit\MutDocs\Help\Working\Output\Website\icons\adm_dev_arch.gif
E:\Programming Enviroments\Sandcastle\\Presentation\VS2005\icons\alert_caution.gif -&gt; E:\Programming\!Csharp\Metro UI Toolkit\Metro-UI-Toolkit\MutDocs\Help\Working\Output\Website\icons\alert_caution.gif
E:\Programming Enviroments\Sandcastle\\Presentation\VS2005\icons\alert_note.gif -&gt; E:\Programming\!Csharp\Metro UI Toolkit\Metro-UI-Toolkit\MutDocs\Help\Working\Output\Website\icons\alert_note.gif
E:\Programming Enviroments\Sandcastle\\Presentation\VS2005\icons\alert_security.gif -&gt; E:\Programming\!Csharp\Metro UI Toolkit\Metro-UI-Toolkit\MutDocs\Help\Working\Output\Website\icons\alert_security.gif
E:\Programming Enviroments\Sandcastle\\Presentation\VS2005\icons\arch.gif -&gt; E:\Programming\!Csharp\Metro UI Toolkit\Metro-UI-Toolkit\MutDocs\Help\Working\Output\Website\icons\arch.gif
E:\Programming Enviroments\Sandcastle\\Presentation\VS2005\icons\big_adm.gif -&gt; E:\Programming\!Csharp\Metro UI Toolkit\Metro-UI-Toolkit\MutDocs\Help\Working\Output\Website\icons\big_adm.gif
E:\Programming Enviroments\Sandcastle\\Presentation\VS2005\icons\big_arch.gif -&gt; E:\Programming\!Csharp\Metro UI Toolkit\Metro-UI-Toolkit\MutDocs\Help\Working\Output\Website\icons\big_arch.gif
E:\Programming Enviroments\Sandcastle\\Presentation\VS2005\icons\big_dev.gif -&gt; E:\Programming\!Csharp\Metro UI Toolkit\Metro-UI-Toolkit\MutDocs\Help\Working\Output\Website\icons\big_dev.gif
E:\Programming Enviroments\Sandcastle\\Presentation\VS2005\icons\big_kw.gif -&gt; E:\Programming\!Csharp\Metro UI Toolkit\Metro-UI-Toolkit\MutDocs\Help\Working\Output\Website\icons\big_kw.gif
E:\Programming Enviroments\Sandcastle\\Presentation\VS2005\icons\box.gif -&gt; E:\Programming\!Csharp\Metro UI Toolkit\Metro-UI-Toolkit\MutDocs\Help\Working\Output\Website\icons\box.gif
E:\Programming Enviroments\Sandcastle\\Presentation\VS2005\icons\Caution.gif -&gt; E:\Programming\!Csharp\Metro UI Toolkit\Metro-UI-Toolkit\MutDocs\Help\Working\Output\Website\icons\Caution.gif
E:\Programming Enviroments\Sandcastle\\Presentation\VS2005\icons\CFW.gif -&gt; E:\Programming\!Csharp\Metro UI Toolkit\Metro-UI-Toolkit\MutDocs\Help\Working\Output\Website\icons\CFW.gif
E:\Programming Enviroments\Sandcastle\\Presentation\VS2005\icons\collall.gif -&gt; E:\Programming\!Csharp\Metro UI Toolkit\Metro-UI-Toolkit\MutDocs\Help\Working\Output\Website\icons\collall.gif
E:\Programming Enviroments\Sandcastle\\Presentation\VS2005\icons\collapse.gif -&gt; E:\Programming\!Csharp\Metro UI Toolkit\Metro-UI-Toolkit\MutDocs\Help\Working\Output\Website\icons\collapse.gif
E:\Programming Enviroments\Sandcastle\\Presentation\VS2005\icons\collapse_all.gif -&gt; E:\Programming\!Csharp\Metro UI Toolkit\Metro-UI-Toolkit\MutDocs\Help\Working\Output\Website\icons\collapse_all.gif
E:\Programming Enviroments\Sandcastle\\Presentation\VS2005\icons\copycode.gif -&gt; E:\Programming\!Csharp\Metro UI Toolkit\Metro-UI-Toolkit\MutDocs\Help\Working\Output\Website\icons\copycode.gif
E:\Programming Enviroments\Sandcastle\\Presentation\VS2005\icons\copycodeHighlight.gif -&gt; E:\Programming\!Csharp\Metro UI Toolkit\Metro-UI-Toolkit\MutDocs\Help\Working\Output\Website\icons\copycodeHighlight.gif
E:\Programming Enviroments\Sandcastle\\Presentation\VS2005\icons\dev.gif -&gt; E:\Programming\!Csharp\Metro UI Toolkit\Metro-UI-Toolkit\MutDocs\Help\Working\Output\Website\icons\dev.gif
E:\Programming Enviroments\Sandcastle\\Presentation\VS2005\icons\dev_arch.gif -&gt; E:\Programming\!Csharp\Metro UI Toolkit\Metro-UI-Toolkit\MutDocs\Help\Working\Output\Website\icons\dev_arch.gif
E:\Programming Enviroments\Sandcastle\\Presentation\VS2005\icons\dropdown.gif -&gt; E:\Programming\!Csharp\Metro UI Toolkit\Metro-UI-Toolkit\MutDocs\Help\Working\Output\Website\icons\dropdown.gif
E:\Programming Enviroments\Sandcastle\\Presentation\VS2005\icons\dropdownHover.gif -&gt; E:\Programming\!Csharp\Metro UI Toolkit\Metro-UI-Toolkit\MutDocs\Help\Working\Output\Website\icons\dropdownHover.gif
E:\Programming Enviroments\Sandcastle\\Presentation\VS2005\icons\drpdown.gif -&gt; E:\Programming\!Csharp\Metro UI Toolkit\Metro-UI-Toolkit\MutDocs\Help\Working\Output\Website\icons\drpdown.gif
E:\Programming Enviroments\Sandcastle\\Presentation\VS2005\icons\drpdown_orange.gif -&gt; E:\Programming\!Csharp\Metro UI Toolkit\Metro-UI-Toolkit\MutDocs\Help\Working\Output\Website\icons\drpdown_orange.gif
E:\Programming Enviroments\Sandcastle\\Presentation\VS2005\icons\drpdown_orange_up.gif -&gt; E:\Programming\!Csharp\Metro UI Toolkit\Metro-UI-Toolkit\MutDocs\Help\Working\Output\Website\icons\drpdown_orange_up.gif
E:\Programming Enviroments\Sandcastle\\Presentation\VS2005\icons\drpup.gif -&gt; E:\Programming\!Csharp\Metro UI Toolkit\Metro-UI-Toolkit\MutDocs\Help\Working\Output\Website\icons\drpup.gif
E:\Programming Enviroments\Sandcastle\\Presentation\VS2005\icons\exp.gif -&gt; E:\Programming\!Csharp\Metro UI Toolkit\Metro-UI-Toolkit\MutDocs\Help\Working\Output\Website\icons\exp.gif
E:\Programming Enviroments\Sandcastle\\Presentation\VS2005\icons\expall.gif -&gt; E:\Programming\!Csharp\Metro UI Toolkit\Metro-UI-Toolkit\MutDocs\Help\Working\Output\Website\icons\expall.gif
E:\Programming Enviroments\Sandcastle\\Presentation\VS2005\icons\expand_all.gif -&gt; E:\Programming\!Csharp\Metro UI Toolkit\Metro-UI-Toolkit\MutDocs\Help\Working\Output\Website\icons\expand_all.gif
E:\Programming Enviroments\Sandcastle\\Presentation\VS2005\icons\filter1a.gif -&gt; E:\Programming\!Csharp\Metro UI Toolkit\Metro-UI-Toolkit\MutDocs\Help\Working\Output\Website\icons\filter1a.gif
E:\Programming Enviroments\Sandcastle\\Presentation\VS2005\icons\filter1c.gif -&gt; E:\Programming\!Csharp\Metro UI Toolkit\Metro-UI-Toolkit\MutDocs\Help\Working\Output\Website\icons\filter1c.gif
E:\Programming Enviroments\Sandcastle\\Presentation\VS2005\icons\footer.gif -&gt; E:\Programming\!Csharp\Metro UI Toolkit\Metro-UI-Toolkit\MutDocs\Help\Working\Output\Website\icons\footer.gif
E:\Programming Enviroments\Sandcastle\\Presentation\VS2005\icons\gradient.gif -&gt; E:\Programming\!Csharp\Metro UI Toolkit\Metro-UI-Toolkit\MutDocs\Help\Working\Output\Website\icons\gradient.gif
E:\Programming Enviroments\Sandcastle\\Presentation\VS2005\icons\greencheck.gif -&gt; E:\Programming\!Csharp\Metro UI Toolkit\Metro-UI-Toolkit\MutDocs\Help\Working\Output\Website\icons\greencheck.gif
E:\Programming Enviroments\Sandcastle\\Presentation\VS2005\icons\greychck.gif -&gt; E:\Programming\!Csharp\Metro UI Toolkit\Metro-UI-Toolkit\MutDocs\Help\Working\Output\Website\icons\greychck.gif
E:\Programming Enviroments\Sandcastle\\Presentation\VS2005\icons\header_prev_next.jpg -&gt; E:\Programming\!Csharp\Metro UI Toolkit\Metro-UI-Toolkit\MutDocs\Help\Working\Output\Website\icons\header_prev_next.jpg
E:\Programming Enviroments\Sandcastle\\Presentation\VS2005\icons\header_sql_tutorial_blank.jpg -&gt; E:\Programming\!Csharp\Metro UI Toolkit\Metro-UI-Toolkit\MutDocs\Help\Working\Output\Website\icons\header_sql_tutorial_blank.jpg
E:\Programming Enviroments\Sandcastle\\Presentation\VS2005\icons\header_sql_tutorial_logo.GIF -&gt; E:\Programming\!Csharp\Metro UI Toolkit\Metro-UI-Toolkit\MutDocs\Help\Working\Output\Website\icons\header_sql_tutorial_logo.GIF
E:\Programming Enviroments\Sandcastle\\Presentation\VS2005\icons\kw.gif -&gt; E:\Programming\!Csharp\Metro UI Toolkit\Metro-UI-Toolkit\MutDocs\Help\Working\Output\Website\icons\kw.gif
E:\Programming Enviroments\Sandcastle\\Presentation\VS2005\icons\kw_adm.gif -&gt; E:\Programming\!Csharp\Metro UI Toolkit\Metro-UI-Toolkit\MutDocs\Help\Working\Output\Website\icons\kw_adm.gif
E:\Programming Enviroments\Sandcastle\\Presentation\VS2005\icons\kw_adm_arch.gif -&gt; E:\Programming\!Csharp\Metro UI Toolkit\Metro-UI-Toolkit\MutDocs\Help\Working\Output\Website\icons\kw_adm_arch.gif
E:\Programming Enviroments\Sandcastle\\Presentation\VS2005\icons\kw_adm_dev.gif -&gt; E:\Programming\!Csharp\Metro UI Toolkit\Metro-UI-Toolkit\MutDocs\Help\Working\Output\Website\icons\kw_adm_dev.gif
E:\Programming Enviroments\Sandcastle\\Presentation\VS2005\icons\kw_adm_dev_arch.gif -&gt; E:\Programming\!Csharp\Metro UI Toolkit\Metro-UI-Toolkit\MutDocs\Help\Working\Output\Website\icons\kw_adm_dev_arch.gif
E:\Programming Enviroments\Sandcastle\\Presentation\VS2005\icons\kw_arch.gif -&gt; E:\Programming\!Csharp\Metro UI Toolkit\Metro-UI-Toolkit\MutDocs\Help\Working\Output\Website\icons\kw_arch.gif
E:\Programming Enviroments\Sandcastle\\Presentation\VS2005\icons\kw_dev.gif -&gt; E:\Programming\!Csharp\Metro UI Toolkit\Metro-UI-Toolkit\MutDocs\Help\Working\Output\Website\icons\kw_dev.gif
E:\Programming Enviroments\Sandcastle\\Presentation\VS2005\icons\kw_dev_arch.gif -&gt; E:\Programming\!Csharp\Metro UI Toolkit\Metro-UI-Toolkit\MutDocs\Help\Working\Output\Website\icons\kw_dev_arch.gif
E:\Programming Enviroments\Sandcastle\\Presentation\VS2005\icons\LastChild.gif -&gt; E:\Programming\!Csharp\Metro UI Toolkit\Metro-UI-Toolkit\MutDocs\Help\Working\Output\Website\icons\LastChild.gif
E:\Programming Enviroments\Sandcastle\\Presentation\VS2005\icons\load.gif -&gt; E:\Programming\!Csharp\Metro UI Toolkit\Metro-UI-Toolkit\MutDocs\Help\Working\Output\Website\icons\load.gif
E:\Programming Enviroments\Sandcastle\\Presentation\VS2005\icons\load_hover.gif -&gt; E:\Programming\!Csharp\Metro UI Toolkit\Metro-UI-Toolkit\MutDocs\Help\Working\Output\Website\icons\load_hover.gif
E:\Programming Enviroments\Sandcastle\\Presentation\VS2005\icons\note.gif -&gt; E:\Programming\!Csharp\Metro UI Toolkit\Metro-UI-Toolkit\MutDocs\Help\Working\Output\Website\icons\note.gif
E:\Programming Enviroments\Sandcastle\\Presentation\VS2005\icons\pencil.GIF -&gt; E:\Programming\!Csharp\Metro UI Toolkit\Metro-UI-Toolkit\MutDocs\Help\Working\Output\Website\icons\pencil.GIF
E:\Programming Enviroments\Sandcastle\\Presentation\VS2005\icons\privclass.gif -&gt; E:\Programming\!Csharp\Metro UI Toolkit\Metro-UI-Toolkit\MutDocs\Help\Working\Output\Website\icons\privclass.gif
E:\Programming Enviroments\Sandcastle\\Presentation\VS2005\icons\privdelegate.gif -&gt; E:\Programming\!Csharp\Metro UI Toolkit\Metro-UI-Toolkit\MutDocs\Help\Working\Output\Website\icons\privdelegate.gif
E:\Programming Enviroments\Sandcastle\\Presentation\VS2005\icons\privenum.gif -&gt; E:\Programming\!Csharp\Metro UI Toolkit\Metro-UI-Toolkit\MutDocs\Help\Working\Output\Website\icons\privenum.gif
E:\Programming Enviroments\Sandcastle\\Presentation\VS2005\icons\privenumeration.gif -&gt; E:\Programming\!Csharp\Metro UI Toolkit\Metro-UI-Toolkit\MutDocs\Help\Working\Output\Website\icons\privenumeration.gif
E:\Programming Enviroments\Sandcastle\\Presentation\VS2005\icons\privevent.gif -&gt; E:\Programming\!Csharp\Metro UI Toolkit\Metro-UI-Toolkit\MutDocs\Help\Working\Output\Website\icons\privevent.gif
E:\Programming Enviroments\Sandcastle\\Presentation\VS2005\icons\privextension.gif -&gt; E:\Programming\!Csharp\Metro UI Toolkit\Metro-UI-Toolkit\MutDocs\Help\Working\Output\Website\icons\privextension.gif
E:\Programming Enviroments\Sandcastle\\Presentation\VS2005\icons\privfield.gif -&gt; E:\Programming\!Csharp\Metro UI Toolkit\Metro-UI-Toolkit\MutDocs\Help\Working\Output\Website\icons\privfield.gif
E:\Programming Enviroments\Sandcastle\\Presentation\VS2005\icons\privinterface.gif -&gt; E:\Programming\!Csharp\Metro UI Toolkit\Metro-UI-Toolkit\MutDocs\Help\Working\Output\Website\icons\privinterface.gif
E:\Programming Enviroments\Sandcastle\\Presentation\VS2005\icons\privmethod.gif -&gt; E:\Programming\!Csharp\Metro UI Toolkit\Metro-UI-Toolkit\MutDocs\Help\Working\Output\Website\icons\privmethod.gif
E:\Programming Enviroments\Sandcastle\\Presentation\VS2005\icons\privproperty.gif -&gt; E:\Programming\!Csharp\Metro UI Toolkit\Metro-UI-Toolkit\MutDocs\Help\Working\Output\Website\icons\privproperty.gif
E:\Programming Enviroments\Sandcastle\\Presentation\VS2005\icons\privstructure.gif -&gt; E:\Programming\!Csharp\Metro UI Toolkit\Metro-UI-Toolkit\MutDocs\Help\Working\Output\Website\icons\privstructure.gif
E:\Programming Enviroments\Sandcastle\\Presentation\VS2005\icons\protclass.gif -&gt; E:\Programming\!Csharp\Metro UI Toolkit\Metro-UI-Toolkit\MutDocs\Help\Working\Output\Website\icons\protclass.gif
E:\Programming Enviroments\Sandcastle\\Presentation\VS2005\icons\protdelegate.gif -&gt; E:\Programming\!Csharp\Metro UI Toolkit\Metro-UI-Toolkit\MutDocs\Help\Working\Output\Website\icons\protdelegate.gif
E:\Programming Enviroments\Sandcastle\\Presentation\VS2005\icons\protenum.gif -&gt; E:\Programming\!Csharp\Metro UI Toolkit\Metro-UI-Toolkit\MutDocs\Help\Working\Output\Website\icons\protenum.gif
E:\Programming Enviroments\Sandcastle\\Presentation\VS2005\icons\protenumeration.gif -&gt; E:\Programming\!Csharp\Metro UI Toolkit\Metro-UI-Toolkit\MutDocs\Help\Working\Output\Website\icons\protenumeration.gif
E:\Programming Enviroments\Sandcastle\\Presentation\VS2005\icons\protevent.gif -&gt; E:\Programming\!Csharp\Metro UI Toolkit\Metro-UI-Toolkit\MutDocs\Help\Working\Output\Website\icons\protevent.gif
E:\Programming Enviroments\Sandcastle\\Presentation\VS2005\icons\protextension.gif -&gt; E:\Programming\!Csharp\Metro UI Toolkit\Metro-UI-Toolkit\MutDocs\Help\Working\Output\Website\icons\protextension.gif
E:\Programming Enviroments\Sandcastle\\Presentation\VS2005\icons\protfield.gif -&gt; E:\Programming\!Csharp\Metro UI Toolkit\Metro-UI-Toolkit\MutDocs\Help\Working\Output\Website\icons\protfield.gif
E:\Programming Enviroments\Sandcastle\\Presentation\VS2005\icons\protinterface.gif -&gt; E:\Programming\!Csharp\Metro UI Toolkit\Metro-UI-Toolkit\MutDocs\Help\Working\Output\Website\icons\protinterface.gif
E:\Programming Enviroments\Sandcastle\\Presentation\VS2005\icons\protmethod.gif -&gt; E:\Programming\!Csharp\Metro UI Toolkit\Metro-UI-Toolkit\MutDocs\Help\Working\Output\Website\icons\protmethod.gif
E:\Programming Enviroments\Sandcastle\\Presentation\VS2005\icons\protoperator.gif -&gt; E:\Programming\!Csharp\Metro UI Toolkit\Metro-UI-Toolkit\MutDocs\Help\Working\Output\Website\icons\protoperator.gif
E:\Programming Enviroments\Sandcastle\\Presentation\VS2005\icons\protproperty.gif -&gt; E:\Programming\!Csharp\Metro UI Toolkit\Metro-UI-Toolkit\MutDocs\Help\Working\Output\Website\icons\protproperty.gif
E:\Programming Enviroments\Sandcastle\\Presentation\VS2005\icons\protstructure.gif -&gt; E:\Programming\!Csharp\Metro UI Toolkit\Metro-UI-Toolkit\MutDocs\Help\Working\Output\Website\icons\protstructure.gif
E:\Programming Enviroments\Sandcastle\\Presentation\VS2005\icons\pubclass.gif -&gt; E:\Programming\!Csharp\Metro UI Toolkit\Metro-UI-Toolkit\MutDocs\Help\Working\Output\Website\icons\pubclass.gif
E:\Programming Enviroments\Sandcastle\\Presentation\VS2005\icons\pubdelegate.gif -&gt; E:\Programming\!Csharp\Metro UI Toolkit\Metro-UI-Toolkit\MutDocs\Help\Working\Output\Website\icons\pubdelegate.gif
E:\Programming Enviroments\Sandcastle\\Presentation\VS2005\icons\pubenum.gif -&gt; E:\Programming\!Csharp\Metro UI Toolkit\Metro-UI-Toolkit\MutDocs\Help\Working\Output\Website\icons\pubenum.gif
E:\Programming Enviroments\Sandcastle\\Presentation\VS2005\icons\pubenumeration.gif -&gt; E:\Programming\!Csharp\Metro UI Toolkit\Metro-UI-Toolkit\MutDocs\Help\Working\Output\Website\icons\pubenumeration.gif
E:\Programming Enviroments\Sandcastle\\Presentation\VS2005\icons\pubevent.gif -&gt; E:\Programming\!Csharp\Metro UI Toolkit\Metro-UI-Toolkit\MutDocs\Help\Working\Output\Website\icons\pubevent.gif
E:\Programming Enviroments\Sandcastle\\Presentation\VS2005\icons\pubextension.gif -&gt; E:\Programming\!Csharp\Metro UI Toolkit\Metro-UI-Toolkit\MutDocs\Help\Working\Output\Website\icons\pubextension.gif
E:\Programming Enviroments\Sandcastle\\Presentation\VS2005\icons\pubfield.gif -&gt; E:\Programming\!Csharp\Metro UI Toolkit\Metro-UI-Toolkit\MutDocs\Help\Working\Output\Website\icons\pubfield.gif
E:\Programming Enviroments\Sandcastle\\Presentation\VS2005\icons\pubinterface.gif -&gt; E:\Programming\!Csharp\Metro UI Toolkit\Metro-UI-Toolkit\MutDocs\Help\Working\Output\Website\icons\pubinterface.gif
E:\Programming Enviroments\Sandcastle\\Presentation\VS2005\icons\pubmethod.gif -&gt; E:\Programming\!Csharp\Metro UI Toolkit\Metro-UI-Toolkit\MutDocs\Help\Working\Output\Website\icons\pubmethod.gif
E:\Programming Enviroments\Sandcastle\\Presentation\VS2005\icons\puboperator.gif -&gt; E:\Programming\!Csharp\Metro UI Toolkit\Metro-UI-Toolkit\MutDocs\Help\Working\Output\Website\icons\puboperator.gif
E:\Programming Enviroments\Sandcastle\\Presentation\VS2005\icons\pubproperty.gif -&gt; E:\Programming\!Csharp\Metro UI Toolkit\Metro-UI-Toolkit\MutDocs\Help\Working\Output\Website\icons\pubproperty.gif
E:\Programming Enviroments\Sandcastle\\Presentation\VS2005\icons\pubstructure.gif -&gt; E:\Programming\!Csharp\Metro UI Toolkit\Metro-UI-Toolkit\MutDocs\Help\Working\Output\Website\icons\pubstructure.gif
E:\Programming Enviroments\Sandcastle\\Presentation\VS2005\icons\requirements1a.gif -&gt; E:\Programming\!Csharp\Metro UI Toolkit\Metro-UI-Toolkit\MutDocs\Help\Working\Output\Website\icons\requirements1a.gif
E:\Programming Enviroments\Sandcastle\\Presentation\VS2005\icons\requirements1c.gif -&gt; E:\Programming\!Csharp\Metro UI Toolkit\Metro-UI-Toolkit\MutDocs\Help\Working\Output\Website\icons\requirements1c.gif
E:\Programming Enviroments\Sandcastle\\Presentation\VS2005\icons\save.gif -&gt; E:\Programming\!Csharp\Metro UI Toolkit\Metro-UI-Toolkit\MutDocs\Help\Working\Output\Website\icons\save.gif
E:\Programming Enviroments\Sandcastle\\Presentation\VS2005\icons\save_hover.gif -&gt; E:\Programming\!Csharp\Metro UI Toolkit\Metro-UI-Toolkit\MutDocs\Help\Working\Output\Website\icons\save_hover.gif
E:\Programming Enviroments\Sandcastle\\Presentation\VS2005\icons\security.gif -&gt; E:\Programming\!Csharp\Metro UI Toolkit\Metro-UI-Toolkit\MutDocs\Help\Working\Output\Website\icons\security.gif
E:\Programming Enviroments\Sandcastle\\Presentation\VS2005\icons\seealso1a.gif -&gt; E:\Programming\!Csharp\Metro UI Toolkit\Metro-UI-Toolkit\MutDocs\Help\Working\Output\Website\icons\seealso1a.gif
E:\Programming Enviroments\Sandcastle\\Presentation\VS2005\icons\seealso1c.gif -&gt; E:\Programming\!Csharp\Metro UI Toolkit\Metro-UI-Toolkit\MutDocs\Help\Working\Output\Website\icons\seealso1c.gif
E:\Programming Enviroments\Sandcastle\\Presentation\VS2005\icons\slMobile.gif -&gt; E:\Programming\!Csharp\Metro UI Toolkit\Metro-UI-Toolkit\MutDocs\Help\Working\Output\Website\icons\slMobile.gif
E:\Programming Enviroments\Sandcastle\\Presentation\VS2005\icons\static.gif -&gt; E:\Programming\!Csharp\Metro UI Toolkit\Metro-UI-Toolkit\MutDocs\Help\Working\Output\Website\icons\static.gif
E:\Programming Enviroments\Sandcastle\\Presentation\VS2005\icons\xna.gif -&gt; E:\Programming\!Csharp\Metro UI Toolkit\Metro-UI-Toolkit\MutDocs\Help\Working\Output\Website\icons\xna.gif
E:\Programming Enviroments\Sandcastle\\Presentation\VS2005\scripts\CheckboxMenu.js -&gt; E:\Programming\!Csharp\Metro UI Toolkit\Metro-UI-Toolkit\MutDocs\Help\Working\Output\Website\scripts\CheckboxMenu.js
E:\Programming Enviroments\Sandcastle\\Presentation\VS2005\scripts\CommonUtilities.js -&gt; E:\Programming\!Csharp\Metro UI Toolkit\Metro-UI-Toolkit\MutDocs\Help\Working\Output\Website\scripts\CommonUtilities.js
E:\Programming Enviroments\Sandcastle\\Presentation\VS2005\scripts\Dropdown.js -&gt; E:\Programming\!Csharp\Metro UI Toolkit\Metro-UI-Toolkit\MutDocs\Help\Working\Output\Website\scripts\Dropdown.js
E:\Programming Enviroments\Sandcastle\\Presentation\VS2005\scripts\EventUtilities.js -&gt; E:\Programming\!Csharp\Metro UI Toolkit\Metro-UI-Toolkit\MutDocs\Help\Working\Output\Website\scripts\EventUtilities.js
E:\Programming Enviroments\Sandcastle\\Presentation\VS2005\scripts\script_feedBack.js -&gt; E:\Programming\!Csharp\Metro UI Toolkit\Metro-UI-Toolkit\MutDocs\Help\Working\Output\Website\scripts\script_feedBack.js
E:\Programming Enviroments\Sandcastle\\Presentation\VS2005\scripts\script_manifold.js -&gt; E:\Programming\!Csharp\Metro UI Toolkit\Metro-UI-Toolkit\MutDocs\Help\Working\Output\Website\scripts\script_manifold.js
E:\Programming Enviroments\Sandcastle\\Presentation\VS2005\scripts\SplitScreen.js -&gt; E:\Programming\!Csharp\Metro UI Toolkit\Metro-UI-Toolkit\MutDocs\Help\Working\Output\Website\scripts\SplitScreen.js
E:\Programming Enviroments\Sandcastle\\Presentation\VS2005\styles\Presentation.css -&gt; E:\Programming\!Csharp\Metro UI Toolkit\Metro-UI-Toolkit\MutDocs\Help\Working\Output\Website\styles\Presentation.css
E:\Programming Enviroments\Sandcastle\\Presentation\VS2005\styles\Whidbey\Presentation.css -&gt; E:\Programming\!Csharp\Metro UI Toolkit\Metro-UI-Toolkit\MutDocs\Help\Working\Output\Website\styles\Whidbey\Presentation.css
    Last step completed in 00:00:00.1514
</buildStep>
<buildStep step="CopyAdditionalContent">
Copying additional content files...
No additional content to copy
    Last step completed in 00:00:00.0020
</buildStep>
<buildStep step="MergeTablesOfContents">
Merging conceptual and additional tables of contents...
    Last step completed in 00:00:00.0000
</buildStep>
<buildStep step="GenerateIntermediateTableOfContents">
Generating intermediate table of contents file...
[C:\Windows\Microsoft.NET\Framework\v4.0.30319\MSBuild.exe]
  XslTransform (v2.7.3.0)
  Copyright c 2006-2013, Microsoft Corporation, All Rights Reserved.
  Portions Copyright c 2006-2013, Eric Woodruff, All Rights Reserved.
  Info: Applying XSL transformation &#39;E:\Programming Enviroments\Sandcastle\\ProductionTransforms\CreateVSToc.xsl&#39;.
Generating conceptual content intermediate TOC file...
    Last step completed in 00:00:00.7588
</buildStep>
<buildStep step="CreateBuildAssemblerConfigs">
Creating Sandcastle configuration files...
    sandcastle.config
    Last step completed in 00:00:00.6162
</buildStep>
<buildStep step="MergeCustomConfigs">
Merging custom build component configurations
E:\Programming\!Csharp\Metro UI Toolkit\Metro-UI-Toolkit\MutDocs\Help\Working\sandcastle.config
    Last step completed in 00:00:00.0459
</buildStep>
<buildStep step="BuildReferenceTopics">
Building reference help topics...
[C:\Windows\Microsoft.NET\Framework\v4.0.30319\MSBuild.exe]
  BuildAssembler (v2.7.3.0)
  Copyright c 2006-2013, Microsoft Corporation, All Rights Reserved.
  Portions Copyright c 2006-2013, Eric Woodruff, All Rights Reserved.
  Info: Loading configuration...
  Info: Processing topics...
  Warn: ShowMissingComponent: [N:MetroUiToolkit] Missing &lt;summary&gt; documentation
  Warn: ShowMissingComponent: [M:MetroUiToolkit.ButtonDropdown.HidePopUp] Missing &lt;summary&gt; documentation
  Warn: ShowMissingComponent: [P:MetroUiToolkit.ButtonDropdown.IsDropDownOpen] Missing &lt;summary&gt; documentation
  Warn: ShowMissingComponent: [F:MetroUiToolkit.ButtonDropdown.IsDropDownOpenProperty] Missing &lt;summary&gt; documentation
  Warn: ShowMissingComponent: [P:MetroUiToolkit.ButtonDropdown.MaxDropDownHeight] Missing &lt;summary&gt; documentation
  Warn: ShowMissingComponent: [F:MetroUiToolkit.ButtonDropdown.MaxDropDownHeightProperty] Missing &lt;summary&gt; documentation
  Warn: ShowMissingComponent: [P:MetroUiToolkit.ButtonDropdown.Presenter] Missing &lt;summary&gt; documentation
  Warn: ShowMissingComponent: [P:MetroUiToolkit.ButtonDropdown.Text] Missing &lt;summary&gt; documentation
  Warn: ShowMissingComponent: [F:MetroUiToolkit.ButtonDropdown.TextProperty] Missing &lt;summary&gt; documentation
  Warn: ShowMissingComponent: [P:MetroUiToolkit.MetroDatePicker.Watermark] Missing &lt;summary&gt; documentation
  Warn: ShowMissingComponent: [F:MetroUiToolkit.MetroDatePicker.WatermarkProperty] Missing &lt;summary&gt; documentation
  Warn: ShowMissingComponent: [N:MetroUiToolkit.Converters] Missing &lt;summary&gt; documentation
  Warn: ShowMissingComponent: [N:XamlGeneratedNamespace] Missing &lt;summary&gt; documentation
  Warn: ShowMissingComponent: [M:XamlGeneratedNamespace.GeneratedInternalTypeHelper.AddEventHandler(System.Reflection.EventInfo,System.Object,System.Delegate)] Missing &lt;param name=&quot;eventInfo&quot;/&gt; documentation
  Warn: ShowMissingComponent: [M:XamlGeneratedNamespace.GeneratedInternalTypeHelper.AddEventHandler(System.Reflection.EventInfo,System.Object,System.Delegate)] Missing &lt;param name=&quot;target&quot;/&gt; documentation
  Warn: ShowMissingComponent: [M:XamlGeneratedNamespace.GeneratedInternalTypeHelper.AddEventHandler(System.Reflection.EventInfo,System.Object,System.Delegate)] Missing &lt;param name=&quot;handler&quot;/&gt; documentation
  Warn: ShowMissingComponent: [M:XamlGeneratedNamespace.GeneratedInternalTypeHelper.CreateDelegate(System.Type,System.Object,System.String)] Missing &lt;returns&gt; documentation
  Warn: ShowMissingComponent: [M:XamlGeneratedNamespace.GeneratedInternalTypeHelper.CreateDelegate(System.Type,System.Object,System.String)] Missing &lt;param name=&quot;delegateType&quot;/&gt; documentation
  Warn: ShowMissingComponent: [M:XamlGeneratedNamespace.GeneratedInternalTypeHelper.CreateDelegate(System.Type,System.Object,System.String)] Missing &lt;param name=&quot;target&quot;/&gt; documentation
  Warn: ShowMissingComponent: [M:XamlGeneratedNamespace.GeneratedInternalTypeHelper.CreateDelegate(System.Type,System.Object,System.String)] Missing &lt;param name=&quot;handler&quot;/&gt; documentation
  Warn: ShowMissingComponent: [M:XamlGeneratedNamespace.GeneratedInternalTypeHelper.CreateInstance(System.Type,System.Globalization.CultureInfo)] Missing &lt;returns&gt; documentation
  Warn: ShowMissingComponent: [M:XamlGeneratedNamespace.GeneratedInternalTypeHelper.CreateInstance(System.Type,System.Globalization.CultureInfo)] Missing &lt;param name=&quot;type&quot;/&gt; documentation
  Warn: ShowMissingComponent: [M:XamlGeneratedNamespace.GeneratedInternalTypeHelper.CreateInstance(System.Type,System.Globalization.CultureInfo)] Missing &lt;param name=&quot;culture&quot;/&gt; documentation
  Warn: ShowMissingComponent: [M:XamlGeneratedNamespace.GeneratedInternalTypeHelper.GetPropertyValue(System.Reflection.PropertyInfo,System.Object,System.Globalization.CultureInfo)] Missing &lt;returns&gt; documentation
  Warn: ShowMissingComponent: [M:XamlGeneratedNamespace.GeneratedInternalTypeHelper.GetPropertyValue(System.Reflection.PropertyInfo,System.Object,System.Globalization.CultureInfo)] Missing &lt;param name=&quot;propertyInfo&quot;/&gt; documentation
  Warn: ShowMissingComponent: [M:XamlGeneratedNamespace.GeneratedInternalTypeHelper.GetPropertyValue(System.Reflection.PropertyInfo,System.Object,System.Globalization.CultureInfo)] Missing &lt;param name=&quot;target&quot;/&gt; documentation
  Warn: ShowMissingComponent: [M:XamlGeneratedNamespace.GeneratedInternalTypeHelper.GetPropertyValue(System.Reflection.PropertyInfo,System.Object,System.Globalization.CultureInfo)] Missing &lt;param name=&quot;culture&quot;/&gt; documentation
  Warn: ShowMissingComponent: [M:XamlGeneratedNamespace.GeneratedInternalTypeHelper.SetPropertyValue(System.Reflection.PropertyInfo,System.Object,System.Object,System.Globalization.CultureInfo)] Missing &lt;param name=&quot;propertyInfo&quot;/&gt; documentation
  Warn: ShowMissingComponent: [M:XamlGeneratedNamespace.GeneratedInternalTypeHelper.SetPropertyValue(System.Reflection.PropertyInfo,System.Object,System.Object,System.Globalization.CultureInfo)] Missing &lt;param name=&quot;target&quot;/&gt; documentation
  Warn: ShowMissingComponent: [M:XamlGeneratedNamespace.GeneratedInternalTypeHelper.SetPropertyValue(System.Reflection.PropertyInfo,System.Object,System.Object,System.Globalization.CultureInfo)] Missing &lt;param name=&quot;value&quot;/&gt; documentation
  Warn: ShowMissingComponent: [M:XamlGeneratedNamespace.GeneratedInternalTypeHelper.SetPropertyValue(System.Reflection.PropertyInfo,System.Object,System.Object,System.Globalization.CultureInfo)] Missing &lt;param name=&quot;culture&quot;/&gt; documentation
  Info: Processed 280 topic(s)
  Info: 31 warning(s)
  Diagnostic: CopyFromIndexComponent: &quot;reflection&quot; in-memory cache entries used: 10 of 15.
  Diagnostic: CopyFromIndexComponent: &quot;comments&quot; in-memory cache entries used: 6 of 30.
    Last step completed in 00:00:19.9688
</buildStep>
<buildStep step="CombiningIntermediateTocFiles">
Combining conceptual and API intermediate TOC files...

Clearing any prior web output
    Last step completed in 00:00:00.2109
</buildStep>
<buildStep step="ExtractingHtmlInfo">
Extracting HTML info for HTML Help 1 and/or website...
[C:\Windows\Microsoft.NET\Framework\v4.0.30319\MSBuild.exe]
Sandcastle Help File Builder, version 1.9.7.0
Copyright c 2006-2013, Eric Woodruff, All Rights Reserved
E-Mail: Eric@EWoodruff.us

Using LCID &#39;1033&#39;, code page &#39;65001&#39;, encoding charset &#39;UTF-8&#39;.

Processing website files in E:\Programming\!Csharp\Metro UI Toolkit\Metro-UI-Toolkit\MutDocs\Help\Working\Output\Website
Processed 280 HTML files
Sorting keywords and generating See Also indices
Saving website keyword index to E:\Programming\!Csharp\Metro UI Toolkit\Metro-UI-Toolkit\MutDocs\Help\Working\WebKI.xml
Saving website table of contents to E:\Programming\!Csharp\Metro UI Toolkit\Metro-UI-Toolkit\MutDocs\Help\Working\WebTOC.xml
    Last step completed in 00:00:00.4170
</buildStep>
<buildStep step="GenerateHelpFormatTableOfContents">
Generating website table of contents file...
    Last step completed in 00:00:00.0000
</buildStep>
<buildStep step="GenerateFullTextIndex">
Generating full-text index for the website...

    Last step completed in 00:00:04.2080
</buildStep>
<buildStep step="CopyingWebsiteFiles">
Copying website files to output folder...

Copied 100 files
Copied 200 files
Copied 300 files
Copied 400 files
Copied 413 files for the website content
    Last step completed in 00:00:00.6865
</buildStep>
<buildStep step="CleanIntermediates">
Removing intermediate files...
    Last step completed in 00:00:00.2070
</buildStep>
<buildStep step="Completed">

Build completed successfully at 05/19/2013 10:17 PM.  Total time: 00:00:33.8809

</buildStep>
</shfbBuild>
